2025-03-12 15:02:48,478 - InputHandler - INFO - 已注册按键 'z' 的处理函数: 显示缓存统计
2025-03-12 15:02:48,478 - InputHandler - INFO - 已注册按键 'o' 的处理函数: 生成缓存分析报告
2025-03-12 15:02:48,478 - InputHandler - INFO - 已注册按键 'h' 的处理函数: 显示帮助
2025-03-12 15:02:48,479 - InputHandler - INFO - 输入处理器已初始化
2025-03-12 15:02:48,487 - InputHandler - INFO - 已注册按键 'z' 的处理函数: 显示缓存统计
2025-03-12 15:02:48,487 - InputHandler - INFO - 已注册按键 'o' 的处理函数: 生成缓存分析报告
2025-03-12 15:02:48,487 - InputHandler - INFO - 已注册按键 'h' 的处理函数: 显示帮助
2025-03-12 15:02:48,487 - InputHandler - INFO - 输入处理器已初始化
2025-03-12 15:02:48,489 - InputHandler - INFO - 已注册按键 'z' 的处理函数: 显示缓存统计
2025-03-12 15:02:48,489 - InputHandler - INFO - 已注册按键 'o' 的处理函数: 生成缓存分析报告
2025-03-12 15:02:48,489 - InputHandler - INFO - 已注册按键 'h' 的处理函数: 显示帮助
2025-03-12 15:02:48,489 - InputHandler - INFO - 输入处理器已初始化
2025-03-12 15:02:48,490 - InputHandler - INFO - 已注册按键 'z' 的处理函数: 显示缓存统计
2025-03-12 15:02:48,491 - InputHandler - INFO - 已注册按键 'o' 的处理函数: 生成缓存分析报告
2025-03-12 15:02:48,491 - InputHandler - INFO - 已注册按键 'h' 的处理函数: 显示帮助
2025-03-12 15:02:48,491 - InputHandler - INFO - 输入处理器已初始化
2025-03-12 15:02:48,491 - InputHandler - INFO - 已注册按键 't' 的处理函数: 测试处理器
2025-03-12 15:02:48,494 - InputHandler - INFO - 已注册按键 'z' 的处理函数: 显示缓存统计
2025-03-12 15:02:48,494 - InputHandler - INFO - 已注册按键 'o' 的处理函数: 生成缓存分析报告
2025-03-12 15:02:48,494 - InputHandler - INFO - 已注册按键 'h' 的处理函数: 显示帮助
2025-03-12 15:02:48,494 - InputHandler - INFO - 输入处理器已初始化
2025-03-12 15:03:35,353 - InputHandler - INFO - 已注册按键 'z' 的处理函数: 显示缓存统计
2025-03-12 15:03:35,353 - InputHandler - INFO - 已注册按键 'o' 的处理函数: 生成缓存分析报告
2025-03-12 15:03:35,353 - InputHandler - INFO - 已注册按键 'h' 的处理函数: 显示帮助
2025-03-12 15:03:35,353 - InputHandler - INFO - 输入处理器已初始化
2025-03-12 15:03:35,359 - InputHandler - INFO - 已注册按键 'z' 的处理函数: 显示缓存统计
2025-03-12 15:03:35,359 - InputHandler - INFO - 已注册按键 'o' 的处理函数: 生成缓存分析报告
2025-03-12 15:03:35,359 - InputHandler - INFO - 已注册按键 'h' 的处理函数: 显示帮助
2025-03-12 15:03:35,359 - InputHandler - INFO - 输入处理器已初始化
2025-03-12 15:03:35,360 - InputHandler - INFO - 用户请求退出
2025-03-12 15:03:35,362 - InputHandler - INFO - 已注册按键 'z' 的处理函数: 显示缓存统计
2025-03-12 15:03:35,362 - InputHandler - INFO - 已注册按键 'o' 的处理函数: 生成缓存分析报告
2025-03-12 15:03:35,362 - InputHandler - INFO - 已注册按键 'h' 的处理函数: 显示帮助
2025-03-12 15:03:35,362 - InputHandler - INFO - 输入处理器已初始化
2025-03-12 15:03:35,364 - InputHandler - INFO - 已注册按键 'z' 的处理函数: 显示缓存统计
2025-03-12 15:03:35,364 - InputHandler - INFO - 已注册按键 'o' 的处理函数: 生成缓存分析报告
2025-03-12 15:03:35,364 - InputHandler - INFO - 已注册按键 'h' 的处理函数: 显示帮助
2025-03-12 15:03:35,364 - InputHandler - INFO - 输入处理器已初始化
2025-03-12 15:03:35,365 - InputHandler - INFO - 已注册按键 't' 的处理函数: 测试处理器
2025-03-12 15:03:35,368 - InputHandler - INFO - 已注册按键 'z' 的处理函数: 显示缓存统计
2025-03-12 15:03:35,368 - InputHandler - INFO - 已注册按键 'o' 的处理函数: 生成缓存分析报告
2025-03-12 15:03:35,368 - InputHandler - INFO - 已注册按键 'h' 的处理函数: 显示帮助
2025-03-12 15:03:35,368 - InputHandler - INFO - 输入处理器已初始化
2025-03-12 15:08:27,550 - InputHandler - INFO - 已注册按键 'z' 的处理函数: 显示缓存统计
2025-03-12 15:08:27,551 - InputHandler - INFO - 已注册按键 'o' 的处理函数: 生成缓存分析报告
2025-03-12 15:08:27,551 - InputHandler - INFO - 已注册按键 'h' 的处理函数: 显示帮助
2025-03-12 15:08:27,551 - InputHandler - INFO - 输入处理器已初始化
2025-03-12 15:08:27,561 - InputHandler - INFO - 已注册按键 'z' 的处理函数: 显示缓存统计
2025-03-12 15:08:27,561 - InputHandler - INFO - 已注册按键 'o' 的处理函数: 生成缓存分析报告
2025-03-12 15:08:27,561 - InputHandler - INFO - 已注册按键 'h' 的处理函数: 显示帮助
2025-03-12 15:08:27,561 - InputHandler - INFO - 输入处理器已初始化
2025-03-12 15:08:27,563 - InputHandler - INFO - 用户请求退出
2025-03-12 15:08:27,564 - InputHandler - INFO - 已注册按键 'z' 的处理函数: 显示缓存统计
2025-03-12 15:08:27,564 - InputHandler - INFO - 已注册按键 'o' 的处理函数: 生成缓存分析报告
2025-03-12 15:08:27,564 - InputHandler - INFO - 已注册按键 'h' 的处理函数: 显示帮助
2025-03-12 15:08:27,564 - InputHandler - INFO - 输入处理器已初始化
2025-03-12 15:08:27,566 - InputHandler - INFO - 已注册按键 'z' 的处理函数: 显示缓存统计
2025-03-12 15:08:27,566 - InputHandler - INFO - 已注册按键 'o' 的处理函数: 生成缓存分析报告
2025-03-12 15:08:27,566 - InputHandler - INFO - 已注册按键 'h' 的处理函数: 显示帮助
2025-03-12 15:08:27,566 - InputHandler - INFO - 输入处理器已初始化
2025-03-12 15:08:27,567 - InputHandler - INFO - 已注册按键 't' 的处理函数: 测试处理器
2025-03-12 15:08:27,570 - InputHandler - INFO - 已注册按键 'z' 的处理函数: 显示缓存统计
2025-03-12 15:08:27,570 - InputHandler - INFO - 已注册按键 'o' 的处理函数: 生成缓存分析报告
2025-03-12 15:08:27,570 - InputHandler - INFO - 已注册按键 'h' 的处理函数: 显示帮助
2025-03-12 15:08:27,570 - InputHandler - INFO - 输入处理器已初始化
2025-03-12 15:10:15,035 - InputHandler - INFO - 已注册按键 'z' 的处理函数: 显示缓存统计
2025-03-12 15:10:15,035 - InputHandler - INFO - 已注册按键 'o' 的处理函数: 生成缓存分析报告
2025-03-12 15:10:15,036 - InputHandler - INFO - 已注册按键 'h' 的处理函数: 显示帮助
2025-03-12 15:10:15,036 - InputHandler - INFO - 输入处理器已初始化
2025-03-12 15:10:15,038 - InputHandler - INFO - 已注册按键 'z' 的处理函数: 显示缓存统计
2025-03-12 15:10:15,038 - InputHandler - INFO - 已注册按键 'o' 的处理函数: 生成缓存分析报告
2025-03-12 15:10:15,039 - InputHandler - INFO - 已注册按键 'h' 的处理函数: 显示帮助
2025-03-12 15:10:15,039 - InputHandler - INFO - 输入处理器已初始化
2025-03-12 15:10:15,040 - InputHandler - INFO - 用户请求退出
2025-03-12 15:10:15,042 - InputHandler - INFO - 已注册按键 'z' 的处理函数: 显示缓存统计
2025-03-12 15:10:15,042 - InputHandler - INFO - 已注册按键 'o' 的处理函数: 生成缓存分析报告
2025-03-12 15:10:15,042 - InputHandler - INFO - 已注册按键 'h' 的处理函数: 显示帮助
2025-03-12 15:10:15,042 - InputHandler - INFO - 输入处理器已初始化
2025-03-12 15:10:15,045 - InputHandler - INFO - 已注册按键 'z' 的处理函数: 显示缓存统计
2025-03-12 15:10:15,045 - InputHandler - INFO - 已注册按键 'o' 的处理函数: 生成缓存分析报告
2025-03-12 15:10:15,045 - InputHandler - INFO - 已注册按键 'h' 的处理函数: 显示帮助
2025-03-12 15:10:15,045 - InputHandler - INFO - 输入处理器已初始化
2025-03-12 15:10:15,046 - InputHandler - INFO - 已注册按键 't' 的处理函数: 测试处理器
2025-03-12 15:10:15,050 - InputHandler - INFO - 已注册按键 'z' 的处理函数: 显示缓存统计
2025-03-12 15:10:15,050 - InputHandler - INFO - 已注册按键 'o' 的处理函数: 生成缓存分析报告
2025-03-12 15:10:15,050 - InputHandler - INFO - 已注册按键 'h' 的处理函数: 显示帮助
2025-03-12 15:10:15,050 - InputHandler - INFO - 输入处理器已初始化
